TODO Processing Log - Started at 2025-05-05 00:42:09
Total TODOs: 41, Batch Size: 3, Starting Index: 0

Starting batch 1 of 14 at 2025-05-05 00:42:09
2025-05-05 00:43:19 - TODO-001: Success
2025-05-05 00:43:34 - TODO-002: Success
2025-05-05 00:43:48 - TODO-003: Success
Completed batch 1 at 2025-05-05 00:43:48
Starting batch 1 of 14 at 2025-05-05 00:45:55
2025-05-05 00:47:20 - TODO-001: Success
2025-05-05 00:50:52 - TODO-002: Success
2025-05-05 00:53:29 - TODO-003: Success
Completed batch 1 at 2025-05-05 00:53:29
Starting batch 2 of 14 at 2025-05-05 00:53:39
2025-05-05 00:54:42 - TODO-004: Success
2025-05-05 00:55:37 - TODO-005: Success
2025-05-05 00:57:12 - TODO-006: Success
Completed batch 2 at 2025-05-05 00:57:12
Starting batch 3 of 14 at 2025-05-05 00:57:22
2025-05-05 00:58:29 - TODO-007: Success
2025-05-05 00:59:36 - TODO-008: Success
2025-05-05 01:00:51 - TODO-009: Success
Completed batch 3 at 2025-05-05 01:00:51
Starting batch 4 of 14 at 2025-05-05 01:01:01
2025-05-05 01:02:32 - TODO-010: Success
2025-05-05 01:05:15 - TODO-011: Success
2025-05-05 01:10:17 - TODO-012: Timeout
Completed batch 4 at 2025-05-05 01:10:17
Starting batch 5 of 14 at 2025-05-05 01:10:27
2025-05-05 01:14:26 - TODO-013: Success
2025-05-05 01:16:10 - TODO-014: Success
2025-05-05 01:17:06 - TODO-015: Success
Completed batch 5 at 2025-05-05 01:17:06
Starting batch 6 of 14 at 2025-05-05 01:17:16
2025-05-05 01:18:19 - TODO-016: Success
2025-05-05 01:19:34 - TODO-017: Success
2025-05-05 01:23:05 - TODO-018: Success
Completed batch 6 at 2025-05-05 01:23:05
Starting batch 7 of 14 at 2025-05-05 01:23:15
2025-05-05 01:27:18 - TODO-019: Success
2025-05-05 01:30:14 - TODO-020: Success
2025-05-05 01:31:49 - TODO-021: Success
Completed batch 7 at 2025-05-05 01:31:49
Starting batch 8 of 14 at 2025-05-05 01:31:59
2025-05-05 01:35:23 - TODO-022: Success
2025-05-05 01:40:25 - TODO-023: Timeout
2025-05-05 01:45:27 - TODO-024: Timeout
Completed batch 8 at 2025-05-05 01:45:27
Starting batch 9 of 14 at 2025-05-05 01:45:37
2025-05-05 01:49:58 - TODO-025: Success
2025-05-05 01:53:57 - TODO-026: Success
2025-05-05 01:56:54 - TODO-027: Success
Completed batch 9 at 2025-05-05 01:56:54
Starting batch 10 of 14 at 2025-05-05 01:57:04
2025-05-05 01:58:50 - TODO-028: Success
2025-05-05 02:00:50 - TODO-029: Success
2025-05-05 02:02:27 - TODO-030: Success
Completed batch 10 at 2025-05-05 02:02:27
Starting batch 11 of 14 at 2025-05-05 02:02:37
2025-05-05 02:03:21 - TODO-031: Success
2025-05-05 02:05:00 - TODO-032: Success
2025-05-05 02:07:08 - TODO-033: Success
Completed batch 11 at 2025-05-05 02:07:08
Starting batch 12 of 14 at 2025-05-05 02:07:18
2025-05-05 02:10:41 - TODO-034: Success
2025-05-05 02:13:03 - TODO-035: Success
2025-05-05 02:13:59 - TODO-036: Success
Completed batch 12 at 2025-05-05 02:13:59
Starting batch 13 of 14 at 2025-05-05 02:14:09
2025-05-05 02:19:09 - TODO-037: Timeout
2025-05-05 02:24:11 - TODO-038: Timeout
2025-05-05 02:26:07 - TODO-039: Success
Completed batch 13 at 2025-05-05 02:26:07
Starting batch 14 of 14 at 2025-05-05 02:26:17
2025-05-05 02:27:33 - TODO-040: Success
2025-05-05 02:32:35 - TODO-041: Timeout

Processing completed at 2025-05-05 02:32:35
Starting batch 1 of 6 at 2025-05-07 00:56:11
2025-05-07 01:01:11 - TODO-001: Timeout
2025-05-07 01:01:45 - TODO-002: Success
Starting batch 1 of 5 at 2025-05-07 01:01:59
2025-05-07 01:02:37 - TODO-002: Success
2025-05-07 01:03:16 - TODO-003: Success
2025-05-07 01:04:01 - TODO-004: Success
Completed batch 1 at 2025-05-07 01:04:01
Starting batch 2 of 5 at 2025-05-07 01:04:11
2025-05-07 01:05:13 - TODO-005: Success
2025-05-07 01:05:38 - TODO-006: Success
2025-05-07 01:06:05 - TODO-007: Success
Completed batch 2 at 2025-05-07 01:06:05
Starting batch 3 of 5 at 2025-05-07 01:06:15
2025-05-07 01:06:36 - TODO-008: Success
2025-05-07 01:07:21 - TODO-009: Success
Starting batch 1 of 3 at 2025-05-07 01:11:51
Starting batch 1 of 3 at 2025-05-07 01:20:15
